<?xml version="1.0" encoding="UTF-8"?>
<testsuite name="com.kakao.dreamteam.DreamteamapplicationApplicationTests" tests="1" skipped="0" failures="0" errors="0" timestamp="2023-02-27T08:56:34" hostname="a08721f690bc" time="0.974">
  <properties/>
  <testcase name="contextLoads()" classname="com.kakao.dreamteam.DreamteamapplicationApplicationTests" time="0.974"/>
  <system-out><![CDATA[08:56:29.336 [Test worker] DEBUG org.springframework.boot.test.context.SpringBootTestContextBootstrapper - Neither @ContextConfiguration nor @ContextHierarchy found for test class [DreamteamapplicationApplicationTests]: using SpringBootContextLoader
08:56:29.377 [Test worker] DEBUG org.springframework.test.context.support.AbstractContextLoader - Could not detect default resource locations for test class [com.kakao.dreamteam.DreamteamapplicationApplicationTests]: no resource found for suffixes {-context.xml, Context.groovy}.
08:56:29.382 [Test worker] INFO org.springframework.test.context.support.AnnotationConfigContextLoaderUtils - Could not detect default configuration classes for test class [com.kakao.dreamteam.DreamteamapplicationApplicationTests]: DreamteamapplicationApplicationTests does not declare any static, non-private, non-final, nested classes annotated with @Configuration.
08:56:29.479 [Test worker] DEBUG org.springframework.boot.test.context.SpringBootTestContextBootstrapper - Using ContextCustomizers for test class [DreamteamapplicationApplicationTests]: [DisableObservabilityContextCustomizer, PropertyMappingContextCustomizer, Customizer, ExcludeFilterContextCustomizer, DuplicateJsonObjectContextCustomizer, MockitoContextCustomizer, TestRestTemplateContextCustomizer]
08:56:29.795 [Test worker] DEBUG org.springframework.context.annotation.ClassPathScanningCandidateComponentProvider - Identified candidate component class: file [/var/jenkins_home/workspace/product-ci@2/build/classes/java/main/com/kakao/dreamteam/DreamteamapplicationApplication.class]
08:56:29.802 [Test worker] INFO org.springframework.boot.test.context.SpringBootTestContextBootstrapper - Found @SpringBootConfiguration com.kakao.dreamteam.DreamteamapplicationApplication for test class com.kakao.dreamteam.DreamteamapplicationApplicationTests
08:56:30.258 [Test worker] DEBUG org.springframework.test.context.util.TestContextSpringFactoriesUtils - Skipping candidate TestExecutionListener [org.springframework.test.context.transaction.TransactionalTestExecutionListener] due to a missing dependency. Specify custom TestExecutionListener classes or make the default TestExecutionListener classes and their required dependencies available. Offending class: [org/springframework/transaction/TransactionDefinition]
08:56:30.260 [Test worker] DEBUG org.springframework.test.context.util.TestContextSpringFactoriesUtils - Skipping candidate TestExecutionListener [org.springframework.test.context.jdbc.SqlScriptsTestExecutionListener] due to a missing dependency. Specify custom TestExecutionListener classes or make the default TestExecutionListener classes and their required dependencies available. Offending class: [org/springframework/transaction/interceptor/TransactionAttribute]
08:56:30.268 [Test worker] DEBUG org.springframework.boot.test.context.SpringBootTestContextBootstrapper - Using TestExecutionListeners for test class [DreamteamapplicationApplicationTests]: [ServletTestExecutionListener, DirtiesContextBeforeModesTestExecutionListener, ApplicationEventsTestExecutionListener, MockitoTestExecutionListener, DependencyInjectionTestExecutionListener, DirtiesContextTestExecutionListener, EventPublishingTestExecutionListener, RestDocsTestExecutionListener, MockRestServiceServerResetTestExecutionListener, MockMvcPrintOnlyOnFailureTestExecutionListener, WebDriverTestExecutionListener, MockWebServiceServerTestExecutionListener, ResetMocksTestExecutionListener]
08:56:30.277 [Test worker] DEBUG org.springframework.test.context.support.AbstractDirtiesContextTestExecutionListener - Before test class: class [DreamteamapplicationApplicationTests], class annotated with @DirtiesContext [false] with mode [null]

  .   ____          _            __ _ _
 /\\ / ___'_ __ _ _(_)_ __  __ _ \ \ \ \
( ( )\___ | '_ | '_| | '_ \/ _` | \ \ \ \
 \\/  ___)| |_)| | | | | || (_| |  ) ) ) )
  '  |____| .__|_| |_|_| |_\__, | / / / /
 =========|_|==============|___/=/_/_/_/
 :: Spring Boot ::                (v3.0.2)

2023-02-27T08:56:31.257Z  INFO 2331 --- [    Test worker] k.d.DreamteamapplicationApplicationTests : Starting DreamteamapplicationApplicationTests using Java 17.0.6 with PID 2331 (started by root in /var/jenkins_home/workspace/product-ci@2)
2023-02-27T08:56:31.260Z  INFO 2331 --- [    Test worker] k.d.DreamteamapplicationApplicationTests : No active profile set, falling back to 1 default profile: "default"
2023-02-27T08:56:34.581Z  INFO 2331 --- [    Test worker] k.d.DreamteamapplicationApplicationTests : Started DreamteamapplicationApplicationTests in 4.099 seconds (process running for 9.522)
]]></system-out>
  <system-err><![CDATA[]]></system-err>
</testsuite>
